.next/dev/types/validator.ts(1089,31): error TS2344: Type 'typeof import("C:/Users/ertke/OneDrive/Masa\u00FCst\u00FC/periodya/muhasebeapp/motoroil/src/app/api/financials/checks/[id]/route")' does not satisfy the constraint 'RouteHandlerConfig<"/api/financials/checks/[id]">'.
  Types of property 'DELETE' are incompatible.
    Type '(req: Request, { params }: { params: { id: string; }; }) => Promise<NextResponse<{ success: boolean; }>>' is not assignable to type '(request: NextRequest, context: { params: Promise<{ id: string; }>; }) => void | Response | Promise<void | Response>'.
      Types of parameters '__1' and 'context' are incompatible.
        Type '{ params: Promise<{ id: string; }>; }' is not assignable to type '{ params: { id: string; }; }'.
          Types of property 'params' are incompatible.
            Property 'id' is missing in type 'Promise<{ id: string; }>' but required in type '{ id: string; }'.
.next/types/validator.ts(53,39): error TS2307: Cannot find module '../../src/app/accounting/page.js' or its corresponding type declarations.
.next/types/validator.ts(62,39): error TS2307: Cannot find module '../../src/app/admin/audit-logs/page.js' or its corresponding type declarations.
.next/types/validator.ts(71,39): error TS2307: Cannot find module '../../src/app/admin/dashboard/page.js' or its corresponding type declarations.
.next/types/validator.ts(80,39): error TS2307: Cannot find module '../../src/app/admin/logs/page.js' or its corresponding type declarations.
.next/types/validator.ts(89,39): error TS2307: Cannot find module '../../src/app/admin/page.js' or its corresponding type declarations.
.next/types/validator.ts(98,39): error TS2307: Cannot find module '../../src/app/admin/plans/page.js' or its corresponding type declarations.
.next/types/validator.ts(107,39): error TS2307: Cannot find module '../../src/app/admin/sales-radar/page.js' or its corresponding type declarations.
.next/types/validator.ts(116,39): error TS2307: Cannot find module '../../src/app/admin/tenants/[id]/page.js' or its corresponding type declarations.
.next/types/validator.ts(125,39): error TS2307: Cannot find module '../../src/app/admin/tenants/page.js' or its corresponding type declarations.
.next/types/validator.ts(134,39): error TS2307: Cannot find module '../../src/app/admin/transactions/page.js' or its corresponding type declarations.
.next/types/validator.ts(143,39): error TS2307: Cannot find module '../../src/app/admin/website/page.js' or its corresponding type declarations.
.next/types/validator.ts(152,39): error TS2307: Cannot find module '../../src/app/advisor/page.js' or its corresponding type declarations.
.next/types/validator.ts(161,39): error TS2307: Cannot find module '../../src/app/billing/page.js' or its corresponding type declarations.
.next/types/validator.ts(170,39): error TS2307: Cannot find module '../../src/app/customers/[id]/page.js' or its corresponding type declarations.
.next/types/validator.ts(179,39): error TS2307: Cannot find module '../../src/app/customers/page.js' or its corresponding type declarations.
.next/types/validator.ts(188,39): error TS2307: Cannot find module '../../src/app/help/page.js' or its corresponding type declarations.
.next/types/validator.ts(197,39): error TS2307: Cannot find module '../../src/app/integrations/page.js' or its corresponding type declarations.
.next/types/validator.ts(206,39): error TS2307: Cannot find module '../../src/app/inventory/page.js' or its corresponding type declarations.
.next/types/validator.ts(215,39): error TS2307: Cannot find module '../../src/app/inventory/variants/page.js' or its corresponding type declarations.
.next/types/validator.ts(224,39): error TS2307: Cannot find module '../../src/app/invoices/page.js' or its corresponding type declarations.
.next/types/validator.ts(233,39): error TS2307: Cannot find module '../../src/app/login/page.js' or its corresponding type declarations.
.next/types/validator.ts(242,39): error TS2307: Cannot find module '../../src/app/notifications/page.js' or its corresponding type declarations.
.next/types/validator.ts(251,39): error TS2307: Cannot find module '../../src/app/onboarding/page.js' or its corresponding type declarations.
.next/types/validator.ts(260,39): error TS2307: Cannot find module '../../src/app/page.js' or its corresponding type declarations.
.next/types/validator.ts(269,39): error TS2307: Cannot find module '../../src/app/payment/page.js' or its corresponding type declarations.
.next/types/validator.ts(278,39): error TS2307: Cannot find module '../../src/app/purchasing/page.js' or its corresponding type declarations.
.next/types/validator.ts(287,39): error TS2307: Cannot find module '../../src/app/quotes/page.js' or its corresponding type declarations.
.next/types/validator.ts(296,39): error TS2307: Cannot find module '../../src/app/register/page.js' or its corresponding type declarations.
.next/types/validator.ts(305,39): error TS2307: Cannot find module '../../src/app/reports/daily/page.js' or its corresponding type declarations.
.next/types/validator.ts(314,39): error TS2307: Cannot find module '../../src/app/reports/page.js' or its corresponding type declarations.
.next/types/validator.ts(323,39): error TS2307: Cannot find module '../../src/app/reports/suppliers/page.js' or its corresponding type declarations.
.next/types/validator.ts(332,39): error TS2307: Cannot find module '../../src/app/reset-password/page.js' or its corresponding type declarations.
.next/types/validator.ts(341,39): error TS2307: Cannot find module '../../src/app/sales/invoice/page.js' or its corresponding type declarations.
.next/types/validator.ts(350,39): error TS2307: Cannot find module '../../src/app/sales/page.js' or its corresponding type declarations.
.next/types/validator.ts(359,39): error TS2307: Cannot find module '../../src/app/security/suspicious/page.js' or its corresponding type declarations.
.next/types/validator.ts(368,39): error TS2307: Cannot find module '../../src/app/service/[id]/page.js' or its corresponding type declarations.
.next/types/validator.ts(377,39): error TS2307: Cannot find module '../../src/app/service/new/page.js' or its corresponding type declarations.
.next/types/validator.ts(386,39): error TS2307: Cannot find module '../../src/app/service/page.js' or its corresponding type declarations.
.next/types/validator.ts(395,39): error TS2307: Cannot find module '../../src/app/settings/branch/page.js' or its corresponding type declarations.
.next/types/validator.ts(404,39): error TS2307: Cannot find module '../../src/app/settings/page.js' or its corresponding type declarations.
.next/types/validator.ts(413,39): error TS2307: Cannot find module '../../src/app/setup/page.js' or its corresponding type declarations.
.next/types/validator.ts(422,39): error TS2307: Cannot find module '../../src/app/staff/page.js' or its corresponding type declarations.
.next/types/validator.ts(431,39): error TS2307: Cannot find module '../../src/app/suppliers/[id]/page.js' or its corresponding type declarations.
.next/types/validator.ts(440,39): error TS2307: Cannot find module '../../src/app/suppliers/page.js' or its corresponding type declarations.
.next/types/validator.ts(449,39): error TS2307: Cannot find module '../../src/app/theme-test/page.js' or its corresponding type declarations.
.next/types/validator.ts(458,39): error TS2307: Cannot find module '../../src/app/treasury/page.js' or its corresponding type declarations.
.next/types/validator.ts(467,39): error TS2307: Cannot find module '../../src/app/vehicle/[plate]/page.js' or its corresponding type declarations.
.next/types/validator.ts(936,31): error TS2344: Type 'typeof import("C:/Users/ertke/OneDrive/Masa\u00FCst\u00FC/periodya/muhasebeapp/motoroil/src/app/api/financials/checks/[id]/route")' does not satisfy the constraint 'RouteHandlerConfig<"/api/financials/checks/[id]">'.
  Types of property 'DELETE' are incompatible.
    Type '(req: Request, { params }: { params: { id: string; }; }) => Promise<NextResponse<{ success: boolean; }>>' is not assignable to type '(request: NextRequest, context: { params: Promise<{ id: string; }>; }) => void | Response | Promise<void | Response>'.
      Types of parameters '__1' and 'context' are incompatible.
        Type '{ params: Promise<{ id: string; }>; }' is not assignable to type '{ params: { id: string; }; }'.
          Types of property 'params' are incompatible.
            Property 'id' is missing in type 'Promise<{ id: string; }>' but required in type '{ id: string; }'.
.next/types/validator.ts(1713,39): error TS2307: Cannot find module '../../src/app/admin/layout.js' or its corresponding type declarations.
prisma/seed.ts(37,9): error TS2322: Type '{ name: string; }' is not assignable to type 'KasaWhereUniqueInput'.
  Type '{ name: string; }' is not assignable to type '{ id: string | KasaNameBranchCompanyIdCompoundUniqueInput; name_branch_companyId: string | KasaNameBranchCompanyIdCompoundUniqueInput; } & { ...; }'.
    Type '{ name: string; }' is missing the following properties from type '{ id: string | KasaNameBranchCompanyIdCompoundUniqueInput; name_branch_companyId: string | KasaNameBranchCompanyIdCompoundUniqueInput; }': id, name_branch_companyId
prisma/seed.ts(39,9): error TS2322: Type '{ name: string; type: string; balance: number; }' is not assignable to type '(Without<KasaCreateInput, KasaUncheckedCreateInput> & KasaUncheckedCreateInput) | (Without<...> & KasaCreateInput)'.
  Type '{ name: string; type: string; balance: number; }' is not assignable to type 'Without<KasaUncheckedCreateInput, KasaCreateInput> & KasaCreateInput'.
    Property 'company' is missing in type '{ name: string; type: string; balance: number; }' but required in type 'KasaCreateInput'.
prisma/seed.ts(42,9): error TS2322: Type '{ name: string; }' is not assignable to type 'KasaWhereUniqueInput'.
  Type '{ name: string; }' is not assignable to type '{ id: string | KasaNameBranchCompanyIdCompoundUniqueInput; name_branch_companyId: string | KasaNameBranchCompanyIdCompoundUniqueInput; } & { ...; }'.
    Type '{ name: string; }' is missing the following properties from type '{ id: string | KasaNameBranchCompanyIdCompoundUniqueInput; name_branch_companyId: string | KasaNameBranchCompanyIdCompoundUniqueInput; }': id, name_branch_companyId
prisma/seed.ts(44,9): error TS2322: Type '{ name: string; type: string; balance: number; }' is not assignable to type '(Without<KasaCreateInput, KasaUncheckedCreateInput> & KasaUncheckedCreateInput) | (Without<...> & KasaCreateInput)'.
  Type '{ name: string; type: string; balance: number; }' is not assignable to type 'Without<KasaUncheckedCreateInput, KasaCreateInput> & KasaCreateInput'.
    Property 'company' is missing in type '{ name: string; type: string; balance: number; }' but required in type 'KasaCreateInput'.
scripts/test_isolation.ts(2,24): error TS2307: Cannot find module './src/lib/prisma' or its corresponding type declarations.
scripts/update_plan_prices.ts(153,13): error TS2304: Cannot find name 'feat'.
scripts/update_plan_prices.ts(155,77): error TS2304: Cannot find name 'feat'.
scripts/update_plan_prices.ts(158,90): error TS2304: Cannot find name 'feat'.
scripts/wipe-db.ts(66,13): error TS2322: Type '{ name: string; }' is not assignable to type 'KasaWhereUniqueInput'.
  Type '{ name: string; }' is not assignable to type '{ id: string | KasaNameBranchCompanyIdCompoundUniqueInput; name_branch_companyId: string | KasaNameBranchCompanyIdCompoundUniqueInput; } & { ...; }'.
    Type '{ name: string; }' is missing the following properties from type '{ id: string | KasaNameBranchCompanyIdCompoundUniqueInput; name_branch_companyId: string | KasaNameBranchCompanyIdCompoundUniqueInput; }': id, name_branch_companyId
scripts/wipe-db.ts(68,13): error TS2322: Type '{ name: string; type: string; balance: number; branch: string; }' is not assignable to type '(Without<KasaCreateInput, KasaUncheckedCreateInput> & KasaUncheckedCreateInput) | (Without<...> & KasaCreateInput)'.
  Type '{ name: string; type: string; balance: number; branch: string; }' is not assignable to type 'Without<KasaUncheckedCreateInput, KasaCreateInput> & KasaCreateInput'.
    Property 'company' is missing in type '{ name: string; type: string; balance: number; branch: string; }' but required in type 'KasaCreateInput'.
src/app/(app)/inventory/components/BulkPriceEntryContent.tsx(3,10): error TS2305: Module '"@/contexts/AppContext"' has no exported member 'Product'.
src/app/(app)/inventory/components/CriticalStockBanner.tsx(3,10): error TS2305: Module '"@/contexts/AppContext"' has no exported member 'Product'.
src/app/(app)/inventory/components/InventoryBulkEditModal.tsx(3,10): error TS2305: Module '"@/contexts/AppContext"' has no exported member 'Product'.
src/app/(app)/inventory/components/InventoryTransferModal.tsx(3,10): error TS2305: Module '"@/contexts/AppContext"' has no exported member 'Product'.
src/app/(app)/inventory/components/ProcurementModal.tsx(3,10): error TS2305: Module '"@/contexts/AppContext"' has no exported member 'Product'.
src/app/(app)/inventory/page.tsx(337,19): error TS2451: Cannot redeclare block-scoped variable 'branch'.
src/app/(app)/inventory/page.tsx(352,19): error TS2451: Cannot redeclare block-scoped variable 'branch'.
src/app/(app)/settings/page.tsx(380,27): error TS2339: Property 'campaignName' does not exist on type 'Coupon'.
src/app/(app)/settings/page.tsx(400,15): error TS2339: Property 'campaignName' does not exist on type 'Coupon'.
src/app/(app)/settings/page.tsx(417,16): error TS2339: Property 'campaignName' does not exist on type 'Coupon'.
src/app/(app)/settings/page.tsx(596,39): error TS2322: Type 'PaymentMethod | { id: string; label: string; type: string; icon: string; linkedKasaId: string; }' is not assignable to type 'PaymentMethod'.
  Type '{ id: string; label: string; type: string; icon: string; linkedKasaId: string; }' is not assignable to type 'PaymentMethod'.
    Types of property 'type' are incompatible.
      Type 'string' is not assignable to type '"transfer" | "cash" | "card"'.
src/app/(app)/settings/page.tsx(596,66): error TS2322: Type '{ id: string; label: string; type: string; icon: string; linkedKasaId: string; }' is not assignable to type 'PaymentMethod'.
  Types of property 'type' are incompatible.
    Type 'string' is not assignable to type '"transfer" | "cash" | "card"'.
src/app/(app)/settings/page.tsx(752,74): error TS2353: Object literal may only specify known properties, and 'district' does not exist in type 'SetStateAction<{ name: string; type: string; city: string; address: string; phone: string; manager: string; status: string; }>'.
src/app/(app)/settings/page.tsx(945,40): error TS2345: Argument of type '(PaymentMethod | { id: string; label: string; type: string; icon: string; linkedKasaId: string; })[]' is not assignable to parameter of type 'PaymentMethod[]'.
  Type 'PaymentMethod | { id: string; label: string; type: string; icon: string; linkedKasaId: string; }' is not assignable to type 'PaymentMethod'.
    Type '{ id: string; label: string; type: string; icon: string; linkedKasaId: string; }' is not assignable to type 'PaymentMethod'.
      Types of property 'type' are incompatible.
        Type 'string' is not assignable to type '"transfer" | "cash" | "card"'.
src/app/(app)/settings/page.tsx(1215,137): error TS2353: Object literal may only specify known properties, and 'district' does not exist in type 'SetStateAction<{ name: string; type: string; city: string; address: string; phone: string; manager: string; status: string; }>'.
src/app/(app)/settings/page.tsx(1237,107): error TS2353: Object literal may only specify known properties, and 'district' does not exist in type 'SetStateAction<{ name: string; type: string; city: string; address: string; phone: string; manager: string; status: string; }>'.
src/app/(app)/settings/page.tsx(1249,58): error TS2339: Property 'district' does not exist on type '{ name: string; type: string; city: string; address: string; phone: string; manager: string; status: string; }'.
src/app/(app)/settings/page.tsx(1250,85): error TS2353: Object literal may only specify known properties, and 'district' does not exist in type 'SetStateAction<{ name: string; type: string; city: string; address: string; phone: string; manager: string; status: string; }>'.
src/app/(app)/settings/page.tsx(1304,79): error TS2339: Property 'district' does not exist on type '{ docs: number; id: number; name: string; type: string; city?: string; address?: string; phone?: string; manager?: string; status: string; }'.
src/app/(app)/settings/page.tsx(1304,103): error TS2339: Property 'district' does not exist on type '{ docs: number; id: number; name: string; type: string; city?: string; address?: string; phone?: string; manager?: string; status: string; }'.
src/app/(app)/settings/page.tsx(2084,86): error TS2345: Argument of type '(PaymentMethod | { id: string; label: string; type: string; icon: string; linkedKasaId: string; })[]' is not assignable to parameter of type 'PaymentMethod[]'.
  Type 'PaymentMethod | { id: string; label: string; type: string; icon: string; linkedKasaId: string; }' is not assignable to type 'PaymentMethod'.
    Type '{ id: string; label: string; type: string; icon: string; linkedKasaId: string; }' is not assignable to type 'PaymentMethod'.
      Types of property 'type' are incompatible.
        Type 'string' is not assignable to type '"transfer" | "cash" | "card"'.
src/app/(app)/settings/page.tsx(2121,83): error TS2322: Type 'PaymentMethod | { id: string; label: string; type: string; icon: string; linkedKasaId: string; }' is not assignable to type 'PaymentMethod'.
  Type '{ id: string; label: string; type: string; icon: string; linkedKasaId: string; }' is not assignable to type 'PaymentMethod'.
    Types of property 'type' are incompatible.
      Type 'string' is not assignable to type '"transfer" | "cash" | "card"'.
src/app/(app)/settings/page.tsx(2121,102): error TS2322: Type '{ id: string; label: string; type: string; icon: string; linkedKasaId: string; }' is not assignable to type 'PaymentMethod'.
  Types of property 'type' are incompatible.
    Type 'string' is not assignable to type '"transfer" | "cash" | "card"'.
src/app/api/checks/collect/route.ts(83,17): error TS2322: Type '{ type: string; amount: number; description: string; customerId: string; supplierId: string; branch: any; }' is not assignable to type 'Exact<(Without<TransactionCreateInput, TransactionUncheckedCreateInput> & TransactionUncheckedCreateInput) | (Without<...> & TransactionCreateInput), (Without<...> & TransactionUncheckedCreateInput) | (Without<...> & TransactionCreateInput)>'.
  Property 'company' is missing in type '{ type: string; amount: number; description: string; customerId: string; supplierId: string; branch: any; }' but required in type '{ companyId?: never; kasaId?: never; customerId?: never; supplierId?: never; id?: string; type: string; amount: Exact<string | number | Decimal | DecimalJsLike, string | number | Decimal | DecimalJsLike>; ... 10 more ...; company: { ...; }; }'.
src/app/api/checks/route.ts(37,21): error TS2322: Type '{ name: string; type: string; balance: number; }' is not assignable to type 'Exact<(Without<KasaCreateInput, KasaUncheckedCreateInput> & KasaUncheckedCreateInput) | (Without<...> & KasaCreateInput), (Without<...> & KasaUncheckedCreateInput) | (Without<...> & KasaCreateInput)>'.
  Property 'company' is missing in type '{ name: string; type: string; balance: number; }' but required in type '{ companyId?: never; id?: string; name: string; type?: string; balance?: Exact<string | number | Decimal | DecimalJsLike, string | number | Decimal | DecimalJsLike>; ... 7 more ...; company: { ...; }; }'.
src/app/api/checks/route.ts(47,17): error TS2322: Type '{ type: any; number: any; bank: any; dueDate: Date; amount: number; description: any; customerId: any; supplierId: any; branch: any; }' is not assignable to type 'Exact<(Without<CheckCreateInput, CheckUncheckedCreateInput> & CheckUncheckedCreateInput) | (Without<...> & CheckCreateInput), (Without<...> & CheckUncheckedCreateInput) | (Without<...> & CheckCreateInput)>'.
  Type '{ type: any; number: any; bank: any; dueDate: Date; amount: number; description: any; customerId: any; supplierId: any; branch: any; }' is not assignable to type '{ companyId?: never; customerId?: never; supplierId?: never; id?: string; type: string; number: string; bank?: string; dueDate: Exact<string | Date, string | Date>; amount: Exact<...>; ... 7 more ...; company?: { ...; }; }'.
    Types of property 'customerId' are incompatible.
      Type 'any' is not assignable to type 'never'.
src/app/api/checks/route.ts(66,17): error TS2322: Type '{ type: string; amount: number; description: string; kasaId: string; customerId: any; supplierId: any; branch: any; }' is not assignable to type 'Exact<(Without<TransactionCreateInput, TransactionUncheckedCreateInput> & TransactionUncheckedCreateInput) | (Without<...> & TransactionCreateInput), (Without<...> & TransactionUncheckedCreateInput) | (Without<...> & TransactionCreateInput)>'.
  Property 'company' is missing in type '{ type: string; amount: number; description: string; kasaId: string; customerId: any; supplierId: any; branch: any; }' but required in type '{ companyId?: never; kasaId?: never; customerId?: never; supplierId?: never; id?: string; type: string; amount: Exact<string | number | Decimal | DecimalJsLike, string | number | Decimal | DecimalJsLike>; ... 10 more ...; company: { ...; }; }'.
src/app/api/cron/reconcile-transactions/route.ts(76,83): error TS2339: Property 'identityNumber' does not exist on type '{ id: string; branch: string; name: string; companyId: string; deletedAt: Date; createdAt: Date; updatedAt: Date; phone: string; email: string; address: string; district: string; ... 13 more ...; points: number; }'.
src/app/api/customers/import/route.ts(23,25): error TS2322: Type '{ name: any; phone: string; email: any; taxNumber: string; taxOffice: any; address: any; contactPerson: any; iban: any; categoryId: string; }' is not assignable to type 'Exact<(Without<CustomerCreateInput, CustomerUncheckedCreateInput> & CustomerUncheckedCreateInput) | (Without<...> & CustomerCreateInput), (Without<...> & CustomerUncheckedCreateInput) | (Without<...> & CustomerCreateInput)>'.
  Type '{ name: any; phone: string; email: any; taxNumber: string; taxOffice: any; address: any; contactPerson: any; iban: any; categoryId: string; }' is not assignable to type '{ companyId?: never; categoryId?: never; id?: string; name: string; email?: string; phone?: string; address?: string; district?: string; city?: string; taxNumber?: string; taxOffice?: string; contactPerson?: string; ... 25 more ...; company?: { ...; }; }'.
    Types of property 'categoryId' are incompatible.
      Type 'string' is not assignable to type 'never'.
src/app/api/financials/accounts/sync/route.ts(9,15): error TS2554: Expected 2-3 arguments, but got 0.
src/app/api/integrations/marketplace/sync/route.ts(85,29): error TS2322: Type '{ name: string; email: string; phone: string; address: string; categoryId: string; }' is not assignable to type 'Exact<(Without<CustomerCreateInput, CustomerUncheckedCreateInput> & CustomerUncheckedCreateInput) | (Without<...> & CustomerCreateInput), (Without<...> & CustomerUncheckedCreateInput) | (Without<...> & CustomerCreateInput)>'.
  Type '{ name: string; email: string; phone: string; address: string; categoryId: string; }' is not assignable to type '{ companyId?: never; categoryId?: never; id?: string; name: string; email?: string; phone?: string; address?: string; district?: string; city?: string; taxNumber?: string; taxOffice?: string; contactPerson?: string; ... 25 more ...; company?: { ...; }; }'.
    Types of property 'categoryId' are incompatible.
      Type 'string' is not assignable to type 'never'.
src/app/api/inventory/pending/route.ts(71,25): error TS2322: Type '{ name: any; code: any; barcode: any; brand: any; category: any; price: any; buyPrice: any; stock: any; branch: any; }' is not assignable to type 'Exact<(Without<ProductCreateInput, ProductUncheckedCreateInput> & ProductUncheckedCreateInput) | (Without<...> & ProductCreateInput), (Without<...> & ProductUncheckedCreateInput) | (Without<...> & ProductCreateInput)>'.
  Property 'company' is missing in type '{ name: any; code: any; barcode: any; brand: any; category: any; price: any; buyPrice: any; stock: any; branch: any; }' but required in type '{ companyId?: never; parentId?: never; id?: string; name: string; code: string; barcode?: string; price: Exact<string | number | Decimal | DecimalJsLike, string | number | Decimal | DecimalJsLike>; ... 34 more ...; company: { ...; }; }'.
src/app/api/notifications/summary/route.ts(62,24): error TS2353: Object literal may only specify known properties, and 'entryDate' does not exist in type 'Exact<ServiceRecordOrderByWithRelationInput | ServiceRecordOrderByWithRelationInput[], ServiceRecordOrderByWithRelationInput | ServiceRecordOrderByWithRelationInput[]>'.
src/app/api/orders/[id]/route.ts(112,35): error TS2552: Cannot find name 'getSession'. Did you mean 'session'?
src/app/api/orders/[id]/route.ts(114,23): error TS2304: Cannot find name 'logActivity'.
src/app/api/products/import/route.ts(53,29): error TS2353: Object literal may only specify known properties, and 'supplier' does not exist in type '(Without<ProductUpdateInput, ProductUncheckedUpdateInput> & ProductUncheckedUpdateInput) | (Without<...> & ProductUpdateInput)'.
src/app/api/products/import/route.ts(94,29): error TS2353: Object literal may only specify known properties, and 'supplier' does not exist in type 'Exact<(Without<ProductCreateInput, ProductUncheckedCreateInput> & ProductUncheckedCreateInput) | (Without<...> & ProductCreateInput), (Without<...> & ProductUncheckedCreateInput) | (Without<...> & ProductCreateInput)>'.
src/app/api/purchasing/[id]/approve/route.ts(85,17): error TS2322: Type '{ type: string; amount: number; description: string; supplierId: string; branch: string; }' is not assignable to type 'Exact<(Without<TransactionCreateInput, TransactionUncheckedCreateInput> & TransactionUncheckedCreateInput) | (Without<...> & TransactionCreateInput), (Without<...> & TransactionUncheckedCreateInput) | (Without<...> & TransactionCreateInput)>'.
  Property 'company' is missing in type '{ type: string; amount: number; description: string; supplierId: string; branch: string; }' but required in type '{ companyId?: never; kasaId?: never; customerId?: never; supplierId?: never; id?: string; type: string; amount: Exact<string | number | Decimal | DecimalJsLike, string | number | Decimal | DecimalJsLike>; ... 10 more ...; company: { ...; }; }'.
src/app/api/purchasing/create/route.ts(24,17): error TS2322: Type '{ invoiceNo: any; invoiceDate: Date; amount: any; totalAmount: any; supplierId: any; items: any; status: string; }' is not assignable to type 'Exact<(Without<PurchaseInvoiceCreateInput, PurchaseInvoiceUncheckedCreateInput> & PurchaseInvoiceUncheckedCreateInput) | (Without<...> & PurchaseInvoiceCreateInput), (Without<...> & PurchaseInvoiceUncheckedCreateInput) | (Without<...> & PurchaseInvoiceCreateInput)>'.
  Type '{ invoiceNo: any; invoiceDate: Date; amount: any; totalAmount: any; supplierId: any; items: any; status: string; }' is missing the following properties from type '{ companyId?: never; supplierId?: never; id?: string; invoiceNo: string; invoiceDate: Exact<string | Date, string | Date>; dueDate?: Exact<string | Date, string | Date>; ... 10 more ...; company: { ...; }; }': supplier, company
src/app/api/purchasing/create/route.ts(69,17): error TS2322: Type '{ type: string; amount: any; description: string; kasaId: null; supplierId: any; branch: string; }' is not assignable to type 'Exact<(Without<TransactionCreateInput, TransactionUncheckedCreateInput> & TransactionUncheckedCreateInput) | (Without<...> & TransactionCreateInput), (Without<...> & TransactionUncheckedCreateInput) | (Without<...> & TransactionCreateInput)>'.
  Property 'company' is missing in type '{ type: string; amount: any; description: string; kasaId: null; supplierId: any; branch: string; }' but required in type '{ companyId?: never; kasaId?: never; customerId?: never; supplierId?: never; id?: string; type: string; amount: Exact<string | number | Decimal | DecimalJsLike, string | number | Decimal | DecimalJsLike>; ... 10 more ...; company: { ...; }; }'.
src/app/api/purchasing/import/route.ts(39,25): error TS2322: Type '{ invoiceNo: string; invoiceDate: Date; dueDate: Date; amount: number; taxAmount: number; totalAmount: number; description: any; supplierId: string; status: string; }' is not assignable to type 'Exact<(Without<PurchaseInvoiceCreateInput, PurchaseInvoiceUncheckedCreateInput> & PurchaseInvoiceUncheckedCreateInput) | (Without<...> & PurchaseInvoiceCreateInput), (Without<...> & PurchaseInvoiceUncheckedCreateInput) | (Without<...> & PurchaseInvoiceCreateInput)>'.
  Type '{ invoiceNo: string; invoiceDate: Date; dueDate: Date; amount: number; taxAmount: number; totalAmount: number; description: any; supplierId: string; status: string; }' is missing the following properties from type '{ companyId?: never; supplierId?: never; id?: string; invoiceNo: string; invoiceDate: Exact<string | Date, string | Date>; dueDate?: Exact<string | Date, string | Date>; ... 10 more ...; company: { ...; }; }': supplier, company
src/app/api/quotes/[id]/convert/route.ts(36,21): error TS2322: Type 'unknown' is not assignable to type 'string'.
src/app/api/quotes/[id]/convert/route.ts(66,89): error TS2322: Type 'unknown' is not assignable to type 'string'.
src/app/api/quotes/[id]/convert/route.ts(67,70): error TS2322: Type 'unknown' is not assignable to type 'string'.
src/app/api/quotes/[id]/convert/route.ts(97,25): error TS2322: Type 'unknown' is not assignable to type 'string'.
src/app/api/sales/formal-invoice-send/route.ts(29,27): error TS2345: Argument of type 'string' is not assignable to parameter of type 'RequestContext'.
src/app/api/sales/invoices/[id]/route.ts(15,17): error TS2353: Object literal may only specify known properties, and 'branch' does not exist in type 'SalesInvoiceInclude<InternalArgs & { result: { product: { price: () => { needs: { price: true; }; compute(product: { price: Decimal; }): number; }; buyPrice: () => { needs: { buyPrice: true; }; compute(product: { ...; }): number; }; }; ... 15 more ...; journalItem: { ...; }; }; model: {}; query: {}; client: {}; }>'.
src/app/api/sales/invoices/convert/route.ts(45,17): error TS2322: Type '{ invoiceNo: any; customerId: any; amount: number; taxAmount: any; totalAmount: number; description: any; items: any; isFormal: any; status: string; }' is not assignable to type 'Exact<(Without<SalesInvoiceCreateInput, SalesInvoiceUncheckedCreateInput> & SalesInvoiceUncheckedCreateInput) | (Without<...> & SalesInvoiceCreateInput), (Without<...> & SalesInvoiceUncheckedCreateInput) | (Without<...> & SalesInvoiceCreateInput)>'.
  Type '{ invoiceNo: any; customerId: any; amount: number; taxAmount: any; totalAmount: number; description: any; items: any; isFormal: any; status: string; }' is missing the following properties from type '{ companyId?: never; customerId?: never; id?: string; invoiceNo: string; invoiceDate?: Exact<string | Date, string | Date>; amount: Exact<string | number | Decimal | DecimalJsLike, string | ... 2 more ... | DecimalJsLike>; ... 15 more ...; company: { ...; }; }': customer, company
src/app/api/sales/invoices/convert/route.ts(119,37): error TS2322: Type '{ type: string; amount: number; description: string; kasaId: any; date: Date; }' is not assignable to type 'Exact<(Without<TransactionCreateInput, TransactionUncheckedCreateInput> & TransactionUncheckedCreateInput) | (Without<...> & TransactionCreateInput), (Without<...> & TransactionUncheckedCreateInput) | (Without<...> & TransactionCreateInput)>'.
  Property 'company' is missing in type '{ type: string; amount: number; description: string; kasaId: any; date: Date; }' but required in type '{ companyId?: never; kasaId?: never; customerId?: never; supplierId?: never; id?: string; type: string; amount: Exact<string | number | Decimal | DecimalJsLike, string | number | Decimal | DecimalJsLike>; ... 10 more ...; company: { ...; }; }'.
src/app/api/sales/invoices/route.ts(272,17): error TS2322: Type '{ invoiceNo: string; customerId: any; amount: any; taxAmount: any; totalAmount: any; description: any; items: any; isFormal: any; status: any; branch: string; }' is not assignable to type 'Exact<(Without<SalesInvoiceCreateInput, SalesInvoiceUncheckedCreateInput> & SalesInvoiceUncheckedCreateInput) | (Without<...> & SalesInvoiceCreateInput), (Without<...> & SalesInvoiceUncheckedCreateInput) | (Without<...> & SalesInvoiceCreateInput)>'.
  Type '{ invoiceNo: string; customerId: any; amount: any; taxAmount: any; totalAmount: any; description: any; items: any; isFormal: any; status: any; branch: string; }' is missing the following properties from type '{ companyId?: never; customerId?: never; id?: string; invoiceNo: string; invoiceDate?: Exact<string | Date, string | Date>; amount: Exact<string | number | Decimal | DecimalJsLike, string | ... 2 more ... | DecimalJsLike>; ... 15 more ...; company: { ...; }; }': customer, company
src/app/api/sales/invoices/route.ts(295,25): error TS2322: Type '{ type: string; amount: any; description: string; kasaId: string; customerId: any; date: Date; branch: string; }' is not assignable to type 'Exact<(Without<TransactionCreateInput, TransactionUncheckedCreateInput> & TransactionUncheckedCreateInput) | (Without<...> & TransactionCreateInput), (Without<...> & TransactionUncheckedCreateInput) | (Without<...> & TransactionCreateInput)>'.
  Property 'company' is missing in type '{ type: string; amount: any; description: string; kasaId: string; customerId: any; date: Date; branch: string; }' but required in type '{ companyId?: never; kasaId?: never; customerId?: never; supplierId?: never; id?: string; type: string; amount: Exact<string | number | Decimal | DecimalJsLike, string | number | Decimal | DecimalJsLike>; ... 10 more ...; company: { ...; }; }'.
src/app/api/sales/wayslips/route.ts(16,17): error TS2322: Type '{ invoiceNo: any; customerId: any; invoiceDate: Date; amount: any; taxAmount: number; totalAmount: any; items: any; status: string; isFormal: false; branch: string; description: any; }' is not assignable to type 'Exact<(Without<SalesInvoiceCreateInput, SalesInvoiceUncheckedCreateInput> & SalesInvoiceUncheckedCreateInput) | (Without<...> & SalesInvoiceCreateInput), (Without<...> & SalesInvoiceUncheckedCreateInput) | (Without<...> & SalesInvoiceCreateInput)>'.
  Type '{ invoiceNo: any; customerId: any; invoiceDate: Date; amount: any; taxAmount: number; totalAmount: any; items: any; status: string; isFormal: false; branch: string; description: any; }' is missing the following properties from type '{ companyId?: never; customerId?: never; id?: string; invoiceNo: string; invoiceDate?: Exact<string | Date, string | Date>; amount: Exact<string | number | Decimal | DecimalJsLike, string | ... 2 more ... | DecimalJsLike>; ... 15 more ...; company: { ...; }; }': customer, company
src/app/api/sales/wayslips/route.ts(33,17): error TS2322: Type '{ invoiceNo: any; supplierId: any; invoiceDate: Date; amount: any; totalAmount: any; items: any; status: string; description: any; }' is not assignable to type 'Exact<(Without<PurchaseInvoiceCreateInput, PurchaseInvoiceUncheckedCreateInput> & PurchaseInvoiceUncheckedCreateInput) | (Without<...> & PurchaseInvoiceCreateInput), (Without<...> & PurchaseInvoiceUncheckedCreateInput) | (Without<...> & PurchaseInvoiceCreateInput)>'.
  Type '{ invoiceNo: any; supplierId: any; invoiceDate: Date; amount: any; totalAmount: any; items: any; status: string; description: any; }' is missing the following properties from type '{ companyId?: never; supplierId?: never; id?: string; invoiceNo: string; invoiceDate: Exact<string | Date, string | Date>; dueDate?: Exact<string | Date, string | Date>; ... 10 more ...; company: { ...; }; }': supplier, company
src/app/api/security/anomalies/route.ts(88,28): error TS2362: The left-hand side of an arithmetic operation must be of type 'any', 'number', 'bigint' or an enum type.
src/app/api/security/anomalies/route.ts(110,26): error TS2362: The left-hand side of an arithmetic operation must be of type 'any', 'number', 'bigint' or an enum type.
src/components/inventory/InventoryStats.tsx(1,10): error TS2305: Module '"@/contexts/AppContext"' has no exported member 'Product'.
src/components/inventory/ProductTable.tsx(1,10): error TS2305: Module '"@/contexts/AppContext"' has no exported member 'Product'.
src/hooks/useData.ts(12,15): error TS2305: Module '"@/contexts/AppContext"' has no exported member 'Product'.
src/hooks/useData.ts(12,24): error TS2305: Module '"@/contexts/AppContext"' has no exported member 'Customer'.
src/hooks/useData.ts(12,34): error TS2305: Module '"@/contexts/AppContext"' has no exported member 'Supplier'.
test_repair.ts(8,30): error TS2554: Expected 2-3 arguments, but got 1.
