scripts/run_race_test.ts(12,17): error TS2353: Object literal may only specify known properties, and 'type' does not exist in type '(Without<CompanyCreateInput, CompanyUncheckedCreateInput> & CompanyUncheckedCreateInput) | (Without<...> & CompanyCreateInput)'.
src/app/api/network/demands/[id]/offers/route.ts(22,47): error TS2339: Property 'errors' does not exist on type 'ZodError<{ price?: number; payload?: Record<string, any>; }>'.
src/app/api/network/demands/route.ts(22,47): error TS2339: Property 'errors' does not exist on type 'ZodError<{ type: "PRODUCT" | "LOGISTICS" | "SERVICE" | "ACCOUNTING"; payload: Record<string, any>; globalProductId?: string; }>'.
src/app/api/network/listings/[id]/route.ts(22,47): error TS2339: Property 'errors' does not exist on type 'ZodError<{ price?: number; availableQty?: number; minQty?: number; leadTimeDays?: number; status?: "ACTIVE" | "PAUSED" | "INACTIVE"; }>'.
src/app/api/network/listings/route.ts(22,47): error TS2339: Property 'errors' does not exist on type 'ZodError<{ productId: string; availableQty: number; price?: number; minQty?: number; leadTimeDays?: number; }>'.
src/app/api/network/orders/[id]/payments/init/route.ts(34,42): error TS2339: Property 'errors' does not exist on type 'ZodError<{ mode: "DIRECT" | "ESCROW"; }>'.
src/app/api/network/orders/route.ts(23,47): error TS2339: Property 'errors' does not exist on type 'ZodError<{ role: "buyer" | "seller"; take: number; status?: "CANCELLED" | "PENDING_PAYMENT" | "PAID" | "SHIPPED" | "DELIVERED" | "COMPLETED" | "DISPUTED" | "RETURNED"; cursor?: string; }>'.
