debug_hb_detail.ts(11,13): error TS2339: Property 'merchantId' does not exist on type 'JsonValue'.
debug_hb_detail.ts(11,25): error TS2339: Property 'password' does not exist on type 'JsonValue'.
debug_hb_detail.ts(11,35): error TS2339: Property 'username' does not exist on type 'JsonValue'.
debug_hb_list_raw.ts(17,40): error TS2339: Property 'merchantId' does not exist on type 'JsonValue'.
  Property 'merchantId' does not exist on type 'string'.
debug_hb_list_raw.ts(18,38): error TS2339: Property 'username' does not exist on type 'JsonValue'.
  Property 'username' does not exist on type 'string'.
debug_hb_list_raw.ts(19,38): error TS2339: Property 'password' does not exist on type 'JsonValue'.
  Property 'password' does not exist on type 'string'.
debug_hb_sync.ts(29,49): error TS2339: Property 'merchantId' does not exist on type 'JsonValue'.
  Property 'merchantId' does not exist on type 'string'.
debug_hb_sync_v2.ts(34,57): error TS2339: Property '_raw' does not exist on type 'MarketplaceOrder'.
log_delivered.ts(10,13): error TS2339: Property 'merchantId' does not exist on type 'JsonValue'.
log_delivered.ts(10,25): error TS2339: Property 'password' does not exist on type 'JsonValue'.
log_delivered.ts(10,35): error TS2339: Property 'username' does not exist on type 'JsonValue'.
scripts/backfill_saas.ts(79,75): error TS2322: Type '{ key: string; }' is not assignable to type 'AppSettingsWhereUniqueInput'.
  Type '{ key: string; }' is not assignable to type '{ id: string | AppSettingsCompanyIdKeyCompoundUniqueInput; companyId_key: string | AppSettingsCompanyIdKeyCompoundUniqueInput; } & { ...; }'.
    Type '{ key: string; }' is missing the following properties from type '{ id: string | AppSettingsCompanyIdKeyCompoundUniqueInput; companyId_key: string | AppSettingsCompanyIdKeyCompoundUniqueInput; }': id, companyId_key
scripts/seed-pricing.ts(66,75): error TS2353: Object literal may only specify known properties, and 'defaultPriceListId' does not exist in type '(Without<CustomerCategoryCreateInput, CustomerCategoryUncheckedCreateInput> & CustomerCategoryUncheckedCreateInput) | (Without<...> & CustomerCategoryCreateInput)'.
scripts/seed-pricing.ts(67,23): error TS2353: Object literal may only specify known properties, and 'defaultPriceListId' does not exist in type '(Without<CustomerCategoryUpdateInput, CustomerCategoryUncheckedUpdateInput> & CustomerCategoryUncheckedUpdateInput) | (Without<...> & CustomerCategoryUpdateInput)'.
scripts/seed-pricing.ts(72,70): error TS2353: Object literal may only specify known properties, and 'defaultPriceListId' does not exist in type '(Without<CustomerCategoryCreateInput, CustomerCategoryUncheckedCreateInput> & CustomerCategoryUncheckedCreateInput) | (Without<...> & CustomerCategoryCreateInput)'.
scripts/seed-pricing.ts(73,23): error TS2353: Object literal may only specify known properties, and 'defaultPriceListId' does not exist in type '(Without<CustomerCategoryUpdateInput, CustomerCategoryUncheckedUpdateInput> & CustomerCategoryUncheckedUpdateInput) | (Without<...> & CustomerCategoryUpdateInput)'.
scripts/test_isolation.ts(2,24): error TS2307: Cannot find module './src/lib/prisma' or its corresponding type declarations.
scripts/update_plan_prices.ts(153,13): error TS2304: Cannot find name 'feat'.
scripts/update_plan_prices.ts(155,77): error TS2304: Cannot find name 'feat'.
scripts/update_plan_prices.ts(158,90): error TS2304: Cannot find name 'feat'.
scripts/wipe-db.ts(56,13): error TS2322: Type '{ name: string; }' is not assignable to type 'CustomerCategoryWhereUniqueInput'.
  Type '{ name: string; }' is not assignable to type '{ id: string | CustomerCategoryCompanyIdNameCompoundUniqueInput; companyId_name: string | CustomerCategoryCompanyIdNameCompoundUniqueInput; } & { ...; }'.
    Type '{ name: string; }' is missing the following properties from type '{ id: string | CustomerCategoryCompanyIdNameCompoundUniqueInput; companyId_name: string | CustomerCategoryCompanyIdNameCompoundUniqueInput; }': id, companyId_name
scripts/wipe-db.ts(58,13): error TS2322: Type '{ name: string; description: string; }' is not assignable to type '(Without<CustomerCategoryCreateInput, CustomerCategoryUncheckedCreateInput> & CustomerCategoryUncheckedCreateInput) | (Without<...> & CustomerCategoryCreateInput)'.
  Type '{ name: string; description: string; }' is not assignable to type 'Without<CustomerCategoryUncheckedCreateInput, CustomerCategoryCreateInput> & CustomerCategoryCreateInput'.
    Property 'company' is missing in type '{ name: string; description: string; }' but required in type 'CustomerCategoryCreateInput'.
scripts/wipe-db.ts(66,13): error TS2322: Type '{ name: string; }' is not assignable to type 'KasaWhereUniqueInput'.
  Type '{ name: string; }' is not assignable to type '{ id: string | KasaNameBranchCompanyIdCompoundUniqueInput; bankConnectionId: string | KasaNameBranchCompanyIdCompoundUniqueInput; name_branch_companyId: string | KasaNameBranchCompanyIdCompoundUniqueInput; } & { ...; }'.
    Type '{ name: string; }' is missing the following properties from type '{ id: string | KasaNameBranchCompanyIdCompoundUniqueInput; bankConnectionId: string | KasaNameBranchCompanyIdCompoundUniqueInput; name_branch_companyId: string | KasaNameBranchCompanyIdCompoundUniqueInput; }': id, bankConnectionId, name_branch_companyId
scripts/wipe-db.ts(68,13): error TS2322: Type '{ name: string; type: string; balance: number; branch: string; }' is not assignable to type '(Without<KasaCreateInput, KasaUncheckedCreateInput> & KasaUncheckedCreateInput) | (Without<...> & KasaCreateInput)'.
  Type '{ name: string; type: string; balance: number; branch: string; }' is not assignable to type 'Without<KasaUncheckedCreateInput, KasaCreateInput> & KasaCreateInput'.
    Property 'company' is missing in type '{ name: string; type: string; balance: number; branch: string; }' but required in type 'KasaCreateInput'.
src/app/(app)/customers/[id]/CustomerDetailClient.tsx(291,13): error TS2304: Cannot find name 'showWarning'.
src/app/(app)/settings/page.tsx(380,27): error TS2339: Property 'campaignName' does not exist on type 'Coupon'.
src/app/(app)/settings/page.tsx(400,15): error TS2339: Property 'campaignName' does not exist on type 'Coupon'.
src/app/(app)/settings/page.tsx(417,16): error TS2339: Property 'campaignName' does not exist on type 'Coupon'.
src/app/(app)/settings/page.tsx(718,74): error TS2353: Object literal may only specify known properties, and 'district' does not exist in type 'SetStateAction<{ name: string; type: string; city: string; address: string; phone: string; manager: string; status: string; }>'.
src/app/(app)/settings/page.tsx(911,40): error TS2345: Argument of type '(PaymentMethod | { id: string; label: string; type: string; icon: string; linkedKasaId: string; })[]' is not assignable to parameter of type 'PaymentMethod[]'.
  Type 'PaymentMethod | { id: string; label: string; type: string; icon: string; linkedKasaId: string; }' is not assignable to type 'PaymentMethod'.
    Type '{ id: string; label: string; type: string; icon: string; linkedKasaId: string; }' is not assignable to type 'PaymentMethod'.
      Types of property 'type' are incompatible.
        Type 'string' is not assignable to type '"transfer" | "cash" | "card"'.
src/app/(app)/settings/page.tsx(1181,137): error TS2353: Object literal may only specify known properties, and 'district' does not exist in type 'SetStateAction<{ name: string; type: string; city: string; address: string; phone: string; manager: string; status: string; }>'.
src/app/(app)/settings/page.tsx(1203,107): error TS2353: Object literal may only specify known properties, and 'district' does not exist in type 'SetStateAction<{ name: string; type: string; city: string; address: string; phone: string; manager: string; status: string; }>'.
src/app/(app)/settings/page.tsx(1215,58): error TS2339: Property 'district' does not exist on type '{ name: string; type: string; city: string; address: string; phone: string; manager: string; status: string; }'.
src/app/(app)/settings/page.tsx(1216,85): error TS2353: Object literal may only specify known properties, and 'district' does not exist in type 'SetStateAction<{ name: string; type: string; city: string; address: string; phone: string; manager: string; status: string; }>'.
src/app/(app)/settings/page.tsx(1270,79): error TS2339: Property 'district' does not exist on type '{ docs: number; id: number; name: string; type: string; city?: string; address?: string; phone?: string; manager?: string; status: string; }'.
src/app/(app)/settings/page.tsx(1270,103): error TS2339: Property 'district' does not exist on type '{ docs: number; id: number; name: string; type: string; city?: string; address?: string; phone?: string; manager?: string; status: string; }'.
src/app/(app)/settings/page.tsx(2059,86): error TS2345: Argument of type '(PaymentMethod | { id: string; label: string; type: string; icon: string; linkedKasaId: string; })[]' is not assignable to parameter of type 'PaymentMethod[]'.
  Type 'PaymentMethod | { id: string; label: string; type: string; icon: string; linkedKasaId: string; }' is not assignable to type 'PaymentMethod'.
    Type '{ id: string; label: string; type: string; icon: string; linkedKasaId: string; }' is not assignable to type 'PaymentMethod'.
      Types of property 'type' are incompatible.
        Type 'string' is not assignable to type '"transfer" | "cash" | "card"'.
src/app/(app)/settings/page.tsx(2096,83): error TS2322: Type 'PaymentMethod | { id: string; label: string; type: string; icon: string; linkedKasaId: string; }' is not assignable to type 'PaymentMethod'.
  Type '{ id: string; label: string; type: string; icon: string; linkedKasaId: string; }' is not assignable to type 'PaymentMethod'.
    Types of property 'type' are incompatible.
      Type 'string' is not assignable to type '"transfer" | "cash" | "card"'.
src/app/(app)/settings/page.tsx(2096,102): error TS2322: Type '{ id: string; label: string; type: string; icon: string; linkedKasaId: string; }' is not assignable to type 'PaymentMethod'.
  Types of property 'type' are incompatible.
    Type 'string' is not assignable to type '"transfer" | "cash" | "card"'.
src/app/api/checks/collect/route.ts(83,17): error TS2322: Type '{ type: string; amount: number; description: string; customerId: string; supplierId: string; branch: any; }' is not assignable to type 'Exact<(Without<TransactionCreateInput, TransactionUncheckedCreateInput> & TransactionUncheckedCreateInput) | (Without<...> & TransactionCreateInput), (Without<...> & TransactionUncheckedCreateInput) | (Without<...> & TransactionCreateInput)>'.
  Property 'company' is missing in type '{ type: string; amount: number; description: string; customerId: string; supplierId: string; branch: any; }' but required in type '{ companyId?: never; kasaId?: never; customerId?: never; supplierId?: never; id?: string; type: string; amount: Exact<string | number | Decimal | DecimalJsLike, string | number | Decimal | DecimalJsLike>; ... 10 more ...; supplier?: { ...; }; }'.
src/app/api/checks/route.ts(37,21): error TS2322: Type '{ name: string; type: string; balance: number; }' is not assignable to type 'Exact<(Without<KasaCreateInput, KasaUncheckedCreateInput> & KasaUncheckedCreateInput) | (Without<...> & KasaCreateInput), (Without<...> & KasaUncheckedCreateInput) | (Without<...> & KasaCreateInput)>'.
  Property 'company' is missing in type '{ name: string; type: string; balance: number; }' but required in type '{ companyId?: never; bankConnectionId?: never; id?: string; name: string; type?: string; balance?: Exact<string | number | Decimal | DecimalJsLike, string | number | Decimal | DecimalJsLike>; ... 9 more ...; transactions?: { ...; }; }'.
src/app/api/checks/route.ts(47,17): error TS2322: Type '{ type: any; number: any; bank: any; dueDate: Date; amount: number; description: any; customerId: any; supplierId: any; branch: any; }' is not assignable to type 'Exact<(Without<CheckCreateInput, CheckUncheckedCreateInput> & CheckUncheckedCreateInput) | (Without<...> & CheckCreateInput), (Without<...> & CheckUncheckedCreateInput) | (Without<...> & CheckCreateInput)>'.
  Property 'company' is missing in type '{ type: any; number: any; bank: any; dueDate: Date; amount: number; description: any; customerId: any; supplierId: any; branch: any; }' but required in type '{ companyId?: never; customerId?: never; supplierId?: never; id?: string; type: string; number: string; bank?: string; dueDate: Exact<string | Date, string | Date>; amount: Exact<...>; ... 7 more ...; supplier?: { ...; }; }'.
src/app/api/checks/route.ts(66,17): error TS2322: Type '{ type: string; amount: number; description: string; kasaId: string; customerId: any; supplierId: any; branch: any; }' is not assignable to type 'Exact<(Without<TransactionCreateInput, TransactionUncheckedCreateInput> & TransactionUncheckedCreateInput) | (Without<...> & TransactionCreateInput), (Without<...> & TransactionUncheckedCreateInput) | (Without<...> & TransactionCreateInput)>'.
  Property 'company' is missing in type '{ type: string; amount: number; description: string; kasaId: string; customerId: any; supplierId: any; branch: any; }' but required in type '{ companyId?: never; kasaId?: never; customerId?: never; supplierId?: never; id?: string; type: string; amount: Exact<string | number | Decimal | DecimalJsLike, string | number | Decimal | DecimalJsLike>; ... 10 more ...; supplier?: { ...; }; }'.
src/app/api/cron/reconcile-transactions/route.ts(76,83): error TS2339: Property 'identityNumber' does not exist on type '{ id: string; name: string; taxOffice: string; address: string; district: string; city: string; createdAt: Date; updatedAt: Date; phone: string; deletedAt: Date; branch: string; ... 13 more ...; points: number; }'.
src/app/api/customers/import/route.ts(23,25): error TS2322: Type '{ name: any; phone: string; email: any; taxNumber: string; taxOffice: any; address: any; contactPerson: any; iban: any; categoryId: string; }' is not assignable to type 'Exact<(Without<CustomerCreateInput, CustomerUncheckedCreateInput> & CustomerUncheckedCreateInput) | (Without<...> & CustomerCreateInput), (Without<...> & CustomerUncheckedCreateInput) | (Without<...> & CustomerCreateInput)>'.
  Property 'company' is missing in type '{ name: any; phone: string; email: any; taxNumber: string; taxOffice: any; address: any; contactPerson: any; iban: any; categoryId: string; }' but required in type '{ companyId?: never; categoryId?: never; id?: string; name: string; email?: string; phone?: string; address?: string; taxNumber?: string; taxOffice?: string; contactPerson?: string; iban?: string; balance?: Exact<string | ... 2 more ... | DecimalJsLike, string | ... 2 more ... | DecimalJsLike>; ... 25 more ...; warr...'.
src/app/api/debug/nilvera-series/route.ts(10,70): error TS2322: Type '{ key: string; }' is not assignable to type 'Exact<AppSettingsWhereUniqueInput, AppSettingsWhereUniqueInput>'.
  Type '{ key: string; }' is missing the following properties from type '{ id: Exact<string | (AppSettingsCompanyIdKeyCompoundUniqueInput & string), string | (AppSettingsCompanyIdKeyCompoundUniqueInput & string)>; ... 8 more ...; company?: Exact<...>; }': id, companyId_key
src/app/api/integrations/marketplace/save-mapping/route.ts(22,21): error TS2353: Object literal may only specify known properties, and 'marketplace_marketplaceCode' does not exist in type 'Exact<MarketplaceProductMapWhereUniqueInput, MarketplaceProductMapWhereUniqueInput>'.
src/app/api/integrations/marketplace/save-mapping/route.ts(30,17): error TS2322: Type '{ marketplace: any; marketplaceCode: any; productId: any; }' is not assignable to type 'Exact<(Without<MarketplaceProductMapCreateInput, MarketplaceProductMapUncheckedCreateInput> & MarketplaceProductMapUncheckedCreateInput) | (Without<...> & MarketplaceProductMapCreateInput), (Without<...> & MarketplaceProductMapUncheckedCreateInput) | (Without<...> & MarketplaceProductMapCreateInput)>'.
  Type '{ marketplace: any; marketplaceCode: any; productId: any; }' is missing the following properties from type '{ companyId?: never; productId?: never; id?: string; marketplace: string; marketplaceCode: string; createdAt?: Exact<string | Date, string | Date>; company: { create?: Exact<(Without<...> & CompanyUncheckedCreateWithoutProductMapsInput) | (Without<...> & CompanyCreateWithoutProductMapsInput), (Without<...> & Company...': company, product
src/app/api/inventory/pending/route.ts(71,25): error TS2322: Type '{ name: any; code: any; barcode: any; brand: any; category: any; price: any; buyPrice: any; stock: any; branch: any; }' is not assignable to type 'Exact<(Without<ProductCreateInput, ProductUncheckedCreateInput> & ProductUncheckedCreateInput) | (Without<...> & ProductCreateInput), (Without<...> & ProductUncheckedCreateInput) | (Without<...> & ProductCreateInput)>'.
  Property 'company' is missing in type '{ name: any; code: any; barcode: any; brand: any; category: any; price: any; buyPrice: any; stock: any; branch: any; }' but required in type '{ companyId?: never; parentId?: never; id?: string; name: string; code: string; barcode?: string; price: Exact<string | number | Decimal | DecimalJsLike, string | number | Decimal | DecimalJsLike>; ... 37 more ...; movements?: { ...; }; }'.
src/app/api/marketplaces/[marketplace]/orders/[orderId]/actions/route.ts(194,34): error TS2339: Property 'marketplace' does not exist on type 'Promise<{ marketplace: string; orderId: string; }>'.
src/app/api/marketplaces/[marketplace]/orders/[orderId]/actions/route.ts(195,30): error TS2339: Property 'orderId' does not exist on type 'Promise<{ marketplace: string; orderId: string; }>'.
src/app/api/notifications/summary/route.ts(62,24): error TS2353: Object literal may only specify known properties, and 'entryDate' does not exist in type 'Exact<ServiceRecordOrderByWithRelationInput | ServiceRecordOrderByWithRelationInput[], ServiceRecordOrderByWithRelationInput | ServiceRecordOrderByWithRelationInput[]>'.
src/app/api/onboarding/init/route.ts(32,21): error TS2353: Object literal may only specify known properties, and 'isDefault' does not exist in type 'Exact<(Without<CompanyCreateInput, CompanyUncheckedCreateInput> & CompanyUncheckedCreateInput) | (Without<...> & CompanyCreateInput), (Without<...> & CompanyUncheckedCreateInput) | (Without<...> & CompanyCreateInput)>'.
src/app/api/orders/collect/route.ts(73,21): error TS2322: Type '{ name: string; description: string; }' is not assignable to type 'Exact<(Without<CustomerCategoryCreateInput, CustomerCategoryUncheckedCreateInput> & CustomerCategoryUncheckedCreateInput) | (Without<...> & CustomerCategoryCreateInput), (Without<...> & CustomerCategoryUncheckedCreateInput) | (Without<...> & CustomerCategoryCreateInput)>'.
  Property 'company' is missing in type '{ name: string; description: string; }' but required in type '{ companyId?: never; priceListId?: never; id?: string; name: string; description?: string; isDefault?: Exact<boolean, boolean>; createdAt?: Exact<string | Date, string | Date>; updatedAt?: Exact<...>; customers?: { ...; }; company: { ...; }; priceList?: { ...; }; }'.
src/app/api/orders/get-label/route.ts(33,17): error TS2322: Type '{ type: string; }' is not assignable to type 'Exact<MarketplaceConfigWhereUniqueInput, MarketplaceConfigWhereUniqueInput>'.
  Type '{ type: string; }' is missing the following properties from type '{ id: Exact<string | (MarketplaceConfigCompanyIdTypeCompoundUniqueInput & string), string | (MarketplaceConfigCompanyIdTypeCompoundUniqueInput & string)>; ... 12 more ...; company?: Exact<...>; }': id, companyId_type
src/app/api/orders/get-label/route.ts(128,56): error TS2339: Property 'length' does not exist on type '{ status: "SUCCESS" | "FAILED" | "PENDING"; pdfBase64?: string; error?: string; httpStatus?: number; raw?: any; }'.
src/app/api/orders/update-cargo/route.ts(21,13): error TS2322: Type '{ type: string; }' is not assignable to type 'Exact<MarketplaceConfigWhereUniqueInput, MarketplaceConfigWhereUniqueInput>'.
  Type '{ type: string; }' is missing the following properties from type '{ id: Exact<string | (MarketplaceConfigCompanyIdTypeCompoundUniqueInput & string), string | (MarketplaceConfigCompanyIdTypeCompoundUniqueInput & string)>; ... 12 more ...; company?: Exact<...>; }': id, companyId_type
src/app/api/products/import/route.ts(53,29): error TS2353: Object literal may only specify known properties, and 'supplier' does not exist in type '(Without<ProductUpdateInput, ProductUncheckedUpdateInput> & ProductUncheckedUpdateInput) | (Without<...> & ProductUpdateInput)'.
src/app/api/products/import/route.ts(94,29): error TS2353: Object literal may only specify known properties, and 'supplier' does not exist in type 'Exact<(Without<ProductCreateInput, ProductUncheckedCreateInput> & ProductUncheckedCreateInput) | (Without<...> & ProductCreateInput), (Without<...> & ProductUncheckedCreateInput) | (Without<...> & ProductCreateInput)>'.
src/app/api/purchasing/[id]/approve/route.ts(85,17): error TS2322: Type '{ type: string; amount: number; description: string; supplierId: string; branch: string; }' is not assignable to type 'Exact<(Without<TransactionCreateInput, TransactionUncheckedCreateInput> & TransactionUncheckedCreateInput) | (Without<...> & TransactionCreateInput), (Without<...> & TransactionUncheckedCreateInput) | (Without<...> & TransactionCreateInput)>'.
  Property 'company' is missing in type '{ type: string; amount: number; description: string; supplierId: string; branch: string; }' but required in type '{ companyId?: never; kasaId?: never; customerId?: never; supplierId?: never; id?: string; type: string; amount: Exact<string | number | Decimal | DecimalJsLike, string | number | Decimal | DecimalJsLike>; ... 10 more ...; supplier?: { ...; }; }'.
src/app/api/purchasing/import/route.ts(25,29): error TS2322: Type '{ name: any; }' is not assignable to type 'Exact<(Without<SupplierCreateInput, SupplierUncheckedCreateInput> & SupplierUncheckedCreateInput) | (Without<...> & SupplierCreateInput), (Without<...> & SupplierUncheckedCreateInput) | (Without<...> & SupplierCreateInput)>'.
  Property 'company' is missing in type '{ name: any; }' but required in type '{ companyId?: never; id?: string; name: string; phone?: string; email?: string; address?: string; category?: string; taxNumber?: string; taxOffice?: string; contactPerson?: string; iban?: string; balance?: Exact<string | ... 2 more ... | DecimalJsLike, string | ... 2 more ... | DecimalJsLike>; ... 10 more ...; trans...'.
src/app/api/purchasing/import/route.ts(39,25): error TS2322: Type '{ invoiceNo: string; invoiceDate: Date; dueDate: Date; amount: number; taxAmount: number; totalAmount: number; description: any; supplierId: string; status: string; }' is not assignable to type 'Exact<(Without<PurchaseInvoiceCreateInput, PurchaseInvoiceUncheckedCreateInput> & PurchaseInvoiceUncheckedCreateInput) | (Without<...> & PurchaseInvoiceCreateInput), (Without<...> & PurchaseInvoiceUncheckedCreateInput) | (Without<...> & PurchaseInvoiceCreateInput)>'.
  Type '{ invoiceNo: string; invoiceDate: Date; dueDate: Date; amount: number; taxAmount: number; totalAmount: number; description: any; supplierId: string; status: string; }' is missing the following properties from type '{ companyId?: never; supplierId?: never; id?: string; invoiceNo: string; invoiceDate: Exact<string | Date, string | Date>; dueDate?: Exact<string | Date, string | Date>; ... 10 more ...; supplier: { ...; }; }': company, supplier
src/app/api/sales/formal-invoice-send/route.ts(29,27): error TS2345: Argument of type 'string' is not assignable to parameter of type 'RequestContext'.
src/app/api/sales/invoices/convert/route.ts(45,17): error TS2322: Type '{ invoiceNo: any; customerId: any; amount: number; taxAmount: any; totalAmount: number; description: any; items: any; isFormal: any; status: string; }' is not assignable to type 'Exact<(Without<SalesInvoiceCreateInput, SalesInvoiceUncheckedCreateInput> & SalesInvoiceUncheckedCreateInput) | (Without<...> & SalesInvoiceCreateInput), (Without<...> & SalesInvoiceUncheckedCreateInput) | (Without<...> & SalesInvoiceCreateInput)>'.
  Type '{ invoiceNo: any; customerId: any; amount: number; taxAmount: any; totalAmount: number; description: any; items: any; isFormal: any; status: string; }' is missing the following properties from type '{ companyId?: never; customerId?: never; id?: string; invoiceNo: string; invoiceDate?: Exact<string | Date, string | Date>; amount: Exact<string | number | Decimal | DecimalJsLike, string | ... 2 more ... | DecimalJsLike>; ... 15 more ...; customer: { ...; }; }': company, customer
src/app/api/sales/invoices/convert/route.ts(126,37): error TS2322: Type '{ type: string; amount: number; description: string; kasaId: any; date: Date; }' is not assignable to type 'Exact<(Without<TransactionCreateInput, TransactionUncheckedCreateInput> & TransactionUncheckedCreateInput) | (Without<...> & TransactionCreateInput), (Without<...> & TransactionUncheckedCreateInput) | (Without<...> & TransactionCreateInput)>'.
  Property 'company' is missing in type '{ type: string; amount: number; description: string; kasaId: any; date: Date; }' but required in type '{ companyId?: never; kasaId?: never; customerId?: never; supplierId?: never; id?: string; type: string; amount: Exact<string | number | Decimal | DecimalJsLike, string | number | Decimal | DecimalJsLike>; ... 10 more ...; supplier?: { ...; }; }'.
src/app/api/sales/invoices/route.ts(73,78): error TS2322: Type '{ key: string; }' is not assignable to type 'Exact<AppSettingsWhereUniqueInput, AppSettingsWhereUniqueInput>'.
  Type '{ key: string; }' is missing the following properties from type '{ id: Exact<string | (AppSettingsCompanyIdKeyCompoundUniqueInput & string), string | (AppSettingsCompanyIdKeyCompoundUniqueInput & string)>; ... 8 more ...; company?: Exact<...>; }': id, companyId_key
src/app/api/sales/invoices/route.ts(212,78): error TS2322: Type '{ key: string; }' is not assignable to type 'Exact<AppSettingsWhereUniqueInput, AppSettingsWhereUniqueInput>'.
  Type '{ key: string; }' is missing the following properties from type '{ id: Exact<string | (AppSettingsCompanyIdKeyCompoundUniqueInput & string), string | (AppSettingsCompanyIdKeyCompoundUniqueInput & string)>; ... 8 more ...; company?: Exact<...>; }': id, companyId_key
src/app/api/sales/wayslips/route.ts(16,17): error TS2322: Type '{ invoiceNo: any; customerId: any; invoiceDate: Date; amount: any; taxAmount: number; totalAmount: any; items: any; status: string; isFormal: false; branch: string; description: any; }' is not assignable to type 'Exact<(Without<SalesInvoiceCreateInput, SalesInvoiceUncheckedCreateInput> & SalesInvoiceUncheckedCreateInput) | (Without<...> & SalesInvoiceCreateInput), (Without<...> & SalesInvoiceUncheckedCreateInput) | (Without<...> & SalesInvoiceCreateInput)>'.
  Type '{ invoiceNo: any; customerId: any; invoiceDate: Date; amount: any; taxAmount: number; totalAmount: any; items: any; status: string; isFormal: false; branch: string; description: any; }' is missing the following properties from type '{ companyId?: never; customerId?: never; id?: string; invoiceNo: string; invoiceDate?: Exact<string | Date, string | Date>; amount: Exact<string | number | Decimal | DecimalJsLike, string | ... 2 more ... | DecimalJsLike>; ... 15 more ...; customer: { ...; }; }': company, customer
src/app/api/sales/wayslips/route.ts(33,17): error TS2322: Type '{ invoiceNo: any; supplierId: any; invoiceDate: Date; amount: any; totalAmount: any; items: any; status: string; description: any; }' is not assignable to type 'Exact<(Without<PurchaseInvoiceCreateInput, PurchaseInvoiceUncheckedCreateInput> & PurchaseInvoiceUncheckedCreateInput) | (Without<...> & PurchaseInvoiceCreateInput), (Without<...> & PurchaseInvoiceUncheckedCreateInput) | (Without<...> & PurchaseInvoiceCreateInput)>'.
  Type '{ invoiceNo: any; supplierId: any; invoiceDate: Date; amount: any; totalAmount: any; items: any; status: string; description: any; }' is missing the following properties from type '{ companyId?: never; supplierId?: never; id?: string; invoiceNo: string; invoiceDate: Exact<string | Date, string | Date>; dueDate?: Exact<string | Date, string | Date>; ... 10 more ...; supplier: { ...; }; }': company, supplier
src/app/api/setup/route.ts(24,13): error TS2322: Type '{ key: string; }' is not assignable to type 'Exact<AppSettingsWhereUniqueInput, AppSettingsWhereUniqueInput>'.
  Type '{ key: string; }' is missing the following properties from type '{ id: Exact<string | (AppSettingsCompanyIdKeyCompoundUniqueInput & string), string | (AppSettingsCompanyIdKeyCompoundUniqueInput & string)>; ... 8 more ...; company?: Exact<...>; }': id, companyId_key
src/app/api/setup/route.ts(26,13): error TS2322: Type '{ key: string; value: { name: any; address: any; }; }' is not assignable to type 'Exact<(Without<AppSettingsCreateInput, AppSettingsUncheckedCreateInput> & AppSettingsUncheckedCreateInput) | (Without<...> & AppSettingsCreateInput), (Without<...> & AppSettingsUncheckedCreateInput) | (Without<...> & AppSettingsCreateInput)>'.
  Property 'company' is missing in type '{ key: string; value: { name: any; address: any; }; }' but required in type '{ companyId?: never; id?: string; key: string; value: Exact<JsonNull | InputJsonValue, JsonNull | InputJsonValue>; updatedAt?: Exact<...>; company: { ...; }; }'.
src/app/api/suppliers/import/route.ts(19,25): error TS2322: Type '{ name: any; category: any; phone: string; email: any; taxNumber: string; taxOffice: any; address: any; contactPerson: any; iban: any; }' is not assignable to type 'Exact<(Without<SupplierCreateInput, SupplierUncheckedCreateInput> & SupplierUncheckedCreateInput) | (Without<...> & SupplierCreateInput), (Without<...> & SupplierUncheckedCreateInput) | (Without<...> & SupplierCreateInput)>'.
  Property 'company' is missing in type '{ name: any; category: any; phone: string; email: any; taxNumber: string; taxOffice: any; address: any; contactPerson: any; iban: any; }' but required in type '{ companyId?: never; id?: string; name: string; phone?: string; email?: string; address?: string; category?: string; taxNumber?: string; taxOffice?: string; contactPerson?: string; iban?: string; balance?: Exact<string | ... 2 more ... | DecimalJsLike, string | ... 2 more ... | DecimalJsLike>; ... 10 more ...; trans...'.
src/app/api/suppliers/route.ts(50,13): error TS2322: Type '{ name: any; phone: any; email: any; address: any; city: any; district: any; taxNumber: any; taxOffice: any; contactPerson: any; iban: any; category: any; branch: any; }' is not assignable to type 'Exact<(Without<SupplierCreateInput, SupplierUncheckedCreateInput> & SupplierUncheckedCreateInput) | (Without<...> & SupplierCreateInput), (Without<...> & SupplierUncheckedCreateInput) | (Without<...> & SupplierCreateInput)>'.
  Property 'company' is missing in type '{ name: any; phone: any; email: any; address: any; city: any; district: any; taxNumber: any; taxOffice: any; contactPerson: any; iban: any; category: any; branch: any; }' but required in type '{ companyId?: never; id?: string; name: string; phone?: string; email?: string; address?: string; category?: string; taxNumber?: string; taxOffice?: string; contactPerson?: string; iban?: string; balance?: Exact<string | ... 2 more ... | DecimalJsLike, string | ... 2 more ... | DecimalJsLike>; ... 10 more ...; trans...'.
src/components/admin/MarketplaceOpsPanel.tsx(170,39): error TS2339: Property 'message' does not exist on type '{ ok: true; data: any; status?: undefined; error?: undefined; }'.
src/lib/prisma.ts(123,42): error TS2339: Property 'where' does not exist on type '{ select?: JournalSelect<InternalArgs & DefaultArgs>; include?: JournalInclude<InternalArgs & DefaultArgs>; ... 5 more ...; distinct?: JournalScalarFieldEnum | JournalScalarFieldEnum[]; } | ... 1486 more ... | { ...; }'.
  Property 'where' does not exist on type '{ select?: JournalSelect<InternalArgs & DefaultArgs>; include?: JournalInclude<InternalArgs & DefaultArgs>; data: (Without<...> & JournalUncheckedCreateInput) | (Without<...> & JournalCreateInput); }'.
src/lib/prisma.ts(123,57): error TS2339: Property 'where' does not exist on type '{ select?: JournalSelect<InternalArgs & DefaultArgs>; include?: JournalInclude<InternalArgs & DefaultArgs>; ... 5 more ...; distinct?: JournalScalarFieldEnum | JournalScalarFieldEnum[]; } | ... 1486 more ... | { ...; }'.
  Property 'where' does not exist on type '{ select?: JournalSelect<InternalArgs & DefaultArgs>; include?: JournalInclude<InternalArgs & DefaultArgs>; data: (Without<...> & JournalUncheckedCreateInput) | (Without<...> & JournalCreateInput); }'.
src/lib/prisma.ts(127,41): error TS2339: Property 'where' does not exist on type '{ select?: JournalSelect<InternalArgs & DefaultArgs>; include?: JournalInclude<InternalArgs & DefaultArgs>; ... 5 more ...; distinct?: JournalScalarFieldEnum | JournalScalarFieldEnum[]; } | ... 1486 more ... | { ...; }'.
  Property 'where' does not exist on type '{ select?: JournalSelect<InternalArgs & DefaultArgs>; include?: JournalInclude<InternalArgs & DefaultArgs>; data: (Without<...> & JournalUncheckedCreateInput) | (Without<...> & JournalCreateInput); }'.
src/lib/prisma.ts(127,62): error TS2339: Property 'where' does not exist on type '{ select?: JournalSelect<InternalArgs & DefaultArgs>; include?: JournalInclude<InternalArgs & DefaultArgs>; ... 5 more ...; distinct?: JournalScalarFieldEnum | JournalScalarFieldEnum[]; } | ... 1486 more ... | { ...; }'.
  Property 'where' does not exist on type '{ select?: JournalSelect<InternalArgs & DefaultArgs>; include?: JournalInclude<InternalArgs & DefaultArgs>; data: (Without<...> & JournalUncheckedCreateInput) | (Without<...> & JournalCreateInput); }'.
src/lib/prisma.ts(129,41): error TS2339: Property 'where' does not exist on type '{ select?: JournalSelect<InternalArgs & DefaultArgs>; include?: JournalInclude<InternalArgs & DefaultArgs>; ... 5 more ...; distinct?: JournalScalarFieldEnum | JournalScalarFieldEnum[]; } | ... 1486 more ... | { ...; }'.
  Property 'where' does not exist on type '{ select?: JournalSelect<InternalArgs & DefaultArgs>; include?: JournalInclude<InternalArgs & DefaultArgs>; data: (Without<...> & JournalUncheckedCreateInput) | (Without<...> & JournalCreateInput); }'.
src/lib/prisma.ts(129,62): error TS2339: Property 'where' does not exist on type '{ select?: JournalSelect<InternalArgs & DefaultArgs>; include?: JournalInclude<InternalArgs & DefaultArgs>; ... 5 more ...; distinct?: JournalScalarFieldEnum | JournalScalarFieldEnum[]; } | ... 1486 more ... | { ...; }'.
  Property 'where' does not exist on type '{ select?: JournalSelect<InternalArgs & DefaultArgs>; include?: JournalInclude<InternalArgs & DefaultArgs>; data: (Without<...> & JournalUncheckedCreateInput) | (Without<...> & JournalCreateInput); }'.
src/lib/prisma.ts(131,41): error TS2339: Property 'where' does not exist on type '{ select?: JournalSelect<InternalArgs & DefaultArgs>; include?: JournalInclude<InternalArgs & DefaultArgs>; ... 5 more ...; distinct?: JournalScalarFieldEnum | JournalScalarFieldEnum[]; } | ... 1486 more ... | { ...; }'.
  Property 'where' does not exist on type '{ select?: JournalSelect<InternalArgs & DefaultArgs>; include?: JournalInclude<InternalArgs & DefaultArgs>; data: (Without<...> & JournalUncheckedCreateInput) | (Without<...> & JournalCreateInput); }'.
src/lib/prisma.ts(131,62): error TS2339: Property 'where' does not exist on type '{ select?: JournalSelect<InternalArgs & DefaultArgs>; include?: JournalInclude<InternalArgs & DefaultArgs>; ... 5 more ...; distinct?: JournalScalarFieldEnum | JournalScalarFieldEnum[]; } | ... 1486 more ... | { ...; }'.
  Property 'where' does not exist on type '{ select?: JournalSelect<InternalArgs & DefaultArgs>; include?: JournalInclude<InternalArgs & DefaultArgs>; data: (Without<...> & JournalUncheckedCreateInput) | (Without<...> & JournalCreateInput); }'.
src/lib/prisma.ts(133,41): error TS2339: Property 'where' does not exist on type '{ select?: JournalSelect<InternalArgs & DefaultArgs>; include?: JournalInclude<InternalArgs & DefaultArgs>; ... 5 more ...; distinct?: JournalScalarFieldEnum | JournalScalarFieldEnum[]; } | ... 1486 more ... | { ...; }'.
  Property 'where' does not exist on type '{ select?: JournalSelect<InternalArgs & DefaultArgs>; include?: JournalInclude<InternalArgs & DefaultArgs>; data: (Without<...> & JournalUncheckedCreateInput) | (Without<...> & JournalCreateInput); }'.
src/lib/prisma.ts(133,62): error TS2339: Property 'where' does not exist on type '{ select?: JournalSelect<InternalArgs & DefaultArgs>; include?: JournalInclude<InternalArgs & DefaultArgs>; ... 5 more ...; distinct?: JournalScalarFieldEnum | JournalScalarFieldEnum[]; } | ... 1486 more ... | { ...; }'.
  Property 'where' does not exist on type '{ select?: JournalSelect<InternalArgs & DefaultArgs>; include?: JournalInclude<InternalArgs & DefaultArgs>; data: (Without<...> & JournalUncheckedCreateInput) | (Without<...> & JournalCreateInput); }'.
src/lib/prisma.ts(136,41): error TS2339: Property 'where' does not exist on type '{ select?: JournalSelect<InternalArgs & DefaultArgs>; include?: JournalInclude<InternalArgs & DefaultArgs>; ... 5 more ...; distinct?: JournalScalarFieldEnum | JournalScalarFieldEnum[]; } | ... 1486 more ... | { ...; }'.
  Property 'where' does not exist on type '{ select?: JournalSelect<InternalArgs & DefaultArgs>; include?: JournalInclude<InternalArgs & DefaultArgs>; data: (Without<...> & JournalUncheckedCreateInput) | (Without<...> & JournalCreateInput); }'.
src/lib/prisma.ts(136,62): error TS2339: Property 'where' does not exist on type '{ select?: JournalSelect<InternalArgs & DefaultArgs>; include?: JournalInclude<InternalArgs & DefaultArgs>; ... 5 more ...; distinct?: JournalScalarFieldEnum | JournalScalarFieldEnum[]; } | ... 1486 more ... | { ...; }'.
  Property 'where' does not exist on type '{ select?: JournalSelect<InternalArgs & DefaultArgs>; include?: JournalInclude<InternalArgs & DefaultArgs>; data: (Without<...> & JournalUncheckedCreateInput) | (Without<...> & JournalCreateInput); }'.
src/lib/prisma.ts(139,41): error TS2339: Property 'where' does not exist on type '{ select?: JournalSelect<InternalArgs & DefaultArgs>; include?: JournalInclude<InternalArgs & DefaultArgs>; ... 5 more ...; distinct?: JournalScalarFieldEnum | JournalScalarFieldEnum[]; } | ... 1486 more ... | { ...; }'.
  Property 'where' does not exist on type '{ select?: JournalSelect<InternalArgs & DefaultArgs>; include?: JournalInclude<InternalArgs & DefaultArgs>; data: (Without<...> & JournalUncheckedCreateInput) | (Without<...> & JournalCreateInput); }'.
src/lib/prisma.ts(139,62): error TS2339: Property 'where' does not exist on type '{ select?: JournalSelect<InternalArgs & DefaultArgs>; include?: JournalInclude<InternalArgs & DefaultArgs>; ... 5 more ...; distinct?: JournalScalarFieldEnum | JournalScalarFieldEnum[]; } | ... 1486 more ... | { ...; }'.
  Property 'where' does not exist on type '{ select?: JournalSelect<InternalArgs & DefaultArgs>; include?: JournalInclude<InternalArgs & DefaultArgs>; data: (Without<...> & JournalUncheckedCreateInput) | (Without<...> & JournalCreateInput); }'.
src/lib/prisma.ts(148,45): error TS2339: Property 'where' does not exist on type '{ select?: JournalSelect<InternalArgs & DefaultArgs>; include?: JournalInclude<InternalArgs & DefaultArgs>; ... 5 more ...; distinct?: JournalScalarFieldEnum | JournalScalarFieldEnum[]; } | ... 1486 more ... | { ...; }'.
  Property 'where' does not exist on type '{ select?: JournalSelect<InternalArgs & DefaultArgs>; include?: JournalInclude<InternalArgs & DefaultArgs>; data: (Without<...> & JournalUncheckedCreateInput) | (Without<...> & JournalCreateInput); }'.
src/lib/prisma.ts(149,52): error TS2339: Property 'where' does not exist on type '{ select?: JournalSelect<InternalArgs & DefaultArgs>; include?: JournalInclude<InternalArgs & DefaultArgs>; ... 5 more ...; distinct?: JournalScalarFieldEnum | JournalScalarFieldEnum[]; } | ... 1486 more ... | { ...; }'.
  Property 'where' does not exist on type '{ select?: JournalSelect<InternalArgs & DefaultArgs>; include?: JournalInclude<InternalArgs & DefaultArgs>; data: (Without<...> & JournalUncheckedCreateInput) | (Without<...> & JournalCreateInput); }'.
src/lib/prisma.ts(151,57): error TS2339: Property 'where' does not exist on type '{ select?: JournalSelect<InternalArgs & DefaultArgs>; include?: JournalInclude<InternalArgs & DefaultArgs>; ... 5 more ...; distinct?: JournalScalarFieldEnum | JournalScalarFieldEnum[]; } | ... 1486 more ... | { ...; }'.
  Property 'where' does not exist on type '{ select?: JournalSelect<InternalArgs & DefaultArgs>; include?: JournalInclude<InternalArgs & DefaultArgs>; data: (Without<...> & JournalUncheckedCreateInput) | (Without<...> & JournalCreateInput); }'.
src/services/fintech/settlement-reconciliation-engine.ts(30,38): error TS2353: Object literal may only specify known properties, and 'marketplace_marketplaceCode' does not exist in type 'Exact<MarketplaceProductMapWhereUniqueInput, MarketplaceProductMapWhereUniqueInput>'.
src/services/marketplaces/actions/providers/hepsiburada-actions.ts(21,69): error TS2769: No overload matches this call.
  The last overload gave the following error.
    Argument of type '"NX"' is not assignable to parameter of type '"KEEPTTL"'.
src/services/marketplaces/actions/providers/hepsiburada-actions.ts(123,13): error TS2741: Property 'auditId' is missing in type '{ status: "FAILED"; errorMessage: any; errorCode: MarketplaceActionErrorCode.E_UNKNOWN; }' but required in type 'MarketplaceActionResult'.
src/services/marketplaces/actions/providers/pazarama-actions.ts(21,69): error TS2769: No overload matches this call.
  The last overload gave the following error.
    Argument of type '"NX"' is not assignable to parameter of type '"KEEPTTL"'.
src/services/marketplaces/actions/providers/pazarama-actions.ts(118,13): error TS2741: Property 'auditId' is missing in type '{ status: "FAILED"; errorMessage: any; errorCode: MarketplaceActionErrorCode.E_UNKNOWN; }' but required in type 'MarketplaceActionResult'.
src/services/marketplaces/actions/providers/trendyol-actions.ts(22,69): error TS2769: No overload matches this call.
  The last overload gave the following error.
    Argument of type '"NX"' is not assignable to parameter of type '"KEEPTTL"'.
src/services/marketplaces/actions/providers/trendyol-actions.ts(156,13): error TS2741: Property 'auditId' is missing in type '{ status: "FAILED"; errorMessage: any; errorCode: MarketplaceActionErrorCode.E_UNKNOWN; }' but required in type 'MarketplaceActionResult'.
src/services/marketplaces/actions/worker.ts(87,47): error TS2769: No overload matches this call.
  Overload 1 of 4, '(arrayBuffer: WithImplicitCoercion<ArrayBufferLike>, byteOffset?: number, length?: number): Buffer<ArrayBufferLike>', gave the following error.
    Argument of type '{ status: "SUCCESS" | "FAILED" | "PENDING"; pdfBase64?: string; error?: string; httpStatus?: number; raw?: any; }' is not assignable to parameter of type 'WithImplicitCoercion<ArrayBufferLike>'.
  Overload 2 of 4, '(string: WithImplicitCoercion<string>, encoding?: BufferEncoding): Buffer<ArrayBuffer>', gave the following error.
    Argument of type '{ status: "SUCCESS" | "FAILED" | "PENDING"; pdfBase64?: string; error?: string; httpStatus?: number; raw?: any; }' is not assignable to parameter of type 'WithImplicitCoercion<string>'.
src/services/marketplaces/index.ts(18,17): error TS2741: Property 'getOrderByNumber' is missing in type 'N11Service' but required in type 'IMarketplaceService'.
src/services/marketplaces/n11.ts(3,14): error TS2420: Class 'N11Service' incorrectly implements interface 'IMarketplaceService'.
  Property 'getOrderByNumber' is missing in type 'N11Service' but required in type 'IMarketplaceService'.
test_repair.ts(8,30): error TS2554: Expected 2-3 arguments, but got 1.
