debug_hb_detail.ts(11,13): error TS2339: Property 'merchantId' does not exist on type 'JsonValue'.
debug_hb_detail.ts(11,25): error TS2339: Property 'password' does not exist on type 'JsonValue'.
debug_hb_detail.ts(11,35): error TS2339: Property 'username' does not exist on type 'JsonValue'.
debug_hb_list_raw.ts(17,40): error TS2339: Property 'merchantId' does not exist on type 'JsonValue'.
  Property 'merchantId' does not exist on type 'string'.
debug_hb_list_raw.ts(18,38): error TS2339: Property 'username' does not exist on type 'JsonValue'.
  Property 'username' does not exist on type 'string'.
debug_hb_list_raw.ts(19,38): error TS2339: Property 'password' does not exist on type 'JsonValue'.
  Property 'password' does not exist on type 'string'.
debug_hb_sync.ts(29,49): error TS2339: Property 'merchantId' does not exist on type 'JsonValue'.
  Property 'merchantId' does not exist on type 'string'.
debug_hb_sync_v2.ts(34,57): error TS2339: Property '_raw' does not exist on type 'MarketplaceOrder'.
log_delivered.ts(10,13): error TS2339: Property 'merchantId' does not exist on type 'JsonValue'.
log_delivered.ts(10,25): error TS2339: Property 'password' does not exist on type 'JsonValue'.
log_delivered.ts(10,35): error TS2339: Property 'username' does not exist on type 'JsonValue'.
scripts/check_link.ts(10,13): error TS2353: Object literal may only specify known properties, and 'userId' does not exist in type 'StaffSelect<DefaultArgs>'.
scripts/check_link.ts(16,64): error TS2339: Property 'userId' does not exist on type '{ id: string; username: string; role: string; tenantId: string; companyId: string; branch: string; permissions: string[]; assignedCategoryIds: string[]; name: string; type: string; deletedAt: Date; ... 28 more ...; dailyWorkingHours: number; }'.
scripts/test_isolation.ts(2,24): error TS2307: Cannot find module './src/lib/prisma' or its corresponding type declarations.
scripts/update_plan_prices.ts(85,15): error TS2304: Cannot find name 'upsertLimitEnt'.
scripts/update_plan_prices.ts(117,9): error TS2304: Cannot find name 'entPlan'.
scripts/update_plan_prices.ts(119,50): error TS2304: Cannot find name 'entPlan'.
scripts/update_plan_prices.ts(122,63): error TS2304: Cannot find name 'entPlan'.
src/app/(app)/accounting/components/AccountingModals.tsx(193,17): error TS2353: Object literal may only specify known properties, and 'backdropBlur' does not exist in type 'Properties<string | number, string & {}>'.
src/app/(app)/customers/[id]/CustomerDetailClient.tsx(295,13): error TS2304: Cannot find name 'showWarning'.
src/app/(app)/settings/page.tsx(947,40): error TS2345: Argument of type '(PaymentMethod | { id: string; label: string; type: string; icon: string; linkedKasaId: string; })[]' is not assignable to parameter of type 'PaymentMethod[]'.
  Type 'PaymentMethod | { id: string; label: string; type: string; icon: string; linkedKasaId: string; }' is not assignable to type 'PaymentMethod'.
    Type '{ id: string; label: string; type: string; icon: string; linkedKasaId: string; }' is not assignable to type 'PaymentMethod'.
      Types of property 'type' are incompatible.
        Type 'string' is not assignable to type '"cash" | "card" | "transfer"'.
src/app/api/analytics/summary/route.ts(89,57): error TS2339: Property 'buyPrice' does not exist on type 'unknown'.
src/app/api/marketplaces/[marketplace]/orders/[orderId]/actions/route.ts(194,26): error TS2304: Cannot find name 'marketplace'.
src/app/api/marketplaces/[marketplace]/orders/[orderId]/actions/route.ts(195,22): error TS2304: Cannot find name 'orderId'.
src/app/api/sales/formal-invoice-send/route.ts(29,27): error TS2345: Argument of type 'string' is not assignable to parameter of type 'RequestContext'.
src/app/api/v1/pdks/check-in/route.ts(74,90): error TS2339: Property 'reason' does not exist on type '{ valid: true; payload: QRPayload; } | { valid: false; reason: string; }'.
  Property 'reason' does not exist on type '{ valid: true; payload: QRPayload; }'.
src/components/admin/MarketplaceOpsPanel.tsx(170,39): error TS2339: Property 'message' does not exist on type '{ ok: true; data: any; status?: undefined; error?: undefined; }'.
src/components/StaffManagementContent.tsx(920,84): error TS2345: Argument of type 'string | number' is not assignable to parameter of type 'string'.
  Type 'number' is not assignable to type 'string'.
src/components/StaffManagementContent.tsx(1690,68): error TS2322: Type '{ type: "password"; Name: string; className: string; placeholder: string; value: string; onChange: (e: ChangeEvent<HTMLInputElement>) => void; }' is not assignable to type 'DetailedHTMLProps<InputHTMLAttributes<HTMLInputElement>, HTMLInputElement>'.
  Property 'Name' does not exist on type 'DetailedHTMLProps<InputHTMLAttributes<HTMLInputElement>, HTMLInputElement>'. Did you mean 'name'?
src/lib/api-context.ts(106,17): error TS2353: Object literal may only specify known properties, and 'companyId' does not exist in type '{ id: string; role: string; tenantId: string; lastActiveAt: Date; }'.
src/lib/pdks/ip.ts(5,24): error TS2339: Property 'ip' does not exist on type 'NextRequest'.
src/lib/prisma.ts(129,42): error TS2339: Property 'where' does not exist on type '{ select?: TenantSelect<InternalArgs & DefaultArgs>; include?: TenantInclude<InternalArgs & DefaultArgs>; where: TenantWhereUniqueInput; } | ... 1710 more ... | { ...; }'.
  Property 'where' does not exist on type '{ select?: TenantSelect<InternalArgs & DefaultArgs>; include?: TenantInclude<InternalArgs & DefaultArgs>; data: (Without<...> & TenantUncheckedCreateInput) | (Without<...> & TenantCreateInput); }'.
src/lib/prisma.ts(129,57): error TS2339: Property 'where' does not exist on type '{ select?: TenantSelect<InternalArgs & DefaultArgs>; include?: TenantInclude<InternalArgs & DefaultArgs>; where: TenantWhereUniqueInput; } | ... 1710 more ... | { ...; }'.
  Property 'where' does not exist on type '{ select?: TenantSelect<InternalArgs & DefaultArgs>; include?: TenantInclude<InternalArgs & DefaultArgs>; data: (Without<...> & TenantUncheckedCreateInput) | (Without<...> & TenantCreateInput); }'.
src/lib/prisma.ts(166,57): error TS2339: Property 'where' does not exist on type '{ select?: TenantSelect<InternalArgs & DefaultArgs>; include?: TenantInclude<InternalArgs & DefaultArgs>; where: TenantWhereUniqueInput; } | ... 1710 more ... | { ...; }'.
  Property 'where' does not exist on type '{ select?: TenantSelect<InternalArgs & DefaultArgs>; include?: TenantInclude<InternalArgs & DefaultArgs>; data: (Without<...> & TenantUncheckedCreateInput) | (Without<...> & TenantCreateInput); }'.
src/lib/prisma.ts(169,53): error TS2339: Property 'where' does not exist on type '{ select?: TenantSelect<InternalArgs & DefaultArgs>; include?: TenantInclude<InternalArgs & DefaultArgs>; where: TenantWhereUniqueInput; } | ... 1710 more ... | { ...; }'.
  Property 'where' does not exist on type '{ select?: TenantSelect<InternalArgs & DefaultArgs>; include?: TenantInclude<InternalArgs & DefaultArgs>; data: (Without<...> & TenantUncheckedCreateInput) | (Without<...> & TenantCreateInput); }'.
src/lib/prisma.ts(171,53): error TS2339: Property 'where' does not exist on type '{ select?: TenantSelect<InternalArgs & DefaultArgs>; include?: TenantInclude<InternalArgs & DefaultArgs>; where: TenantWhereUniqueInput; } | ... 1710 more ... | { ...; }'.
  Property 'where' does not exist on type '{ select?: TenantSelect<InternalArgs & DefaultArgs>; include?: TenantInclude<InternalArgs & DefaultArgs>; data: (Without<...> & TenantUncheckedCreateInput) | (Without<...> & TenantCreateInput); }'.
src/lib/prisma.ts(208,6): error TS2456: Type alias 'PrismaClientType' circularly references itself.
src/lib/prisma.ts(209,52): error TS2502: 'prisma' is referenced directly or indirectly in its own type annotation.
src/services/marketplaces/actions/providers/trendyol-actions.ts(82,58): error TS2339: Property 'raw' does not exist on type '{ status: "PENDING" | "SUCCESS" | "FAILED"; pdfBase64?: string; zpl?: string; error?: string; httpStatus?: number; }'.
test_repair.ts(8,30): error TS2554: Expected 2-3 arguments, but got 1.
